{"numFailedTestSuites":0,"numFailedTests":0,"numPassedTestSuites":5,"numPassedTests":14,"numPendingTestSuites":0,"numPendingTests":0,"numRuntimeErrorTestSuites":0,"numTodoTests":0,"numTotalTestSuites":5,"numTotalTests":14,"openHandles":[],"snapshot":{"added":0,"didUpdate":false,"failure":false,"filesAdded":0,"filesRemoved":0,"filesRemovedList":[],"filesUnmatched":0,"filesUpdated":0,"matched":0,"total":0,"unchecked":0,"uncheckedKeysByFile":[],"unmatched":0,"updated":0},"startTime":1782908457254,"success":true,"testResults":[{"assertionResults":[{"ancestorTitles":["Assign / Unassign task flow"],"duration":4168,"failing":false,"failureDetails":[],"failureMessages":[],"fullName":"Assign / Unassign task flow assigns a technician, prevents duplicate assign, and allows unassign","invocations":1,"location":null,"numPassingAsserts":6,"retryReasons":[],"startAt":1782908462634,"status":"passed","title":"assigns a technician, prevents duplicate assign, and allows unassign"},{"ancestorTitles":["Assign / Unassign task flow"],"duration":3495,"failing":false,"failureDetails":[],"failureMessages":[],"fullName":"Assign / Unassign task flow assigns and unassigns tasks when the task id is a string","invocations":1,"location":null,"numPassingAsserts":5,"retryReasons":[],"startAt":1782908466808,"status":"passed","title":"assigns and unassigns tasks when the task id is a string"}],"endTime":1782908470499,"message":"","name":"H:\\Users\\Downloads\\final year project\\backend\\tests\\assign_unassign.test.js","startTime":1782908457494,"status":"passed","summary":""},{"assertionResults":[{"ancestorTitles":["Authentication","POST /api/auth/register"],"duration":3908,"failing":false,"failureDetails":[],"failureMessages":[],"fullName":"Authentication POST /api/auth/register should register a new user","invocations":1,"location":null,"numPassingAsserts":4,"retryReasons":[],"startAt":1782908471578,"status":"passed","title":"should register a new user"},{"ancestorTitles":["Authentication","POST /api/auth/register"],"duration":17,"failing":false,"failureDetails":[],"failureMessages":[],"fullName":"Authentication POST /api/auth/register should not register user with invalid email","invocations":1,"location":null,"numPassingAsserts":2,"retryReasons":[],"startAt":1782908475487,"status":"passed","title":"should not register user with invalid email"},{"ancestorTitles":["Authentication","POST /api/auth/login"],"duration":393,"failing":false,"failureDetails":[],"failureMessages":[],"fullName":"Authentication POST /api/auth/login should login user with correct credentials","invocations":1,"location":null,"numPassingAsserts":3,"retryReasons":[],"startAt":1782908475505,"status":"passed","title":"should login user with correct credentials"},{"ancestorTitles":["Authentication","POST /api/auth/login"],"duration":367,"failing":false,"failureDetails":[],"failureMessages":[],"fullName":"Authentication POST /api/auth/login should not login with incorrect password","invocations":1,"location":null,"numPassingAsserts":2,"retryReasons":[],"startAt":1782908475899,"status":"passed","title":"should not login with incorrect password"}],"endTime":1782908476321,"message":"","name":"H:\\Users\\Downloads\\final year project\\backend\\tests\\auth.test.js","startTime":1782908470546,"status":"passed","summary":""},{"assertionResults":[{"ancestorTitles":["Management approval request flow"],"duration":3628,"failing":false,"failureDetails":[],"failureMessages":[],"fullName":"Management approval request flow auto-resolves scope_defined complaint with all tasks done when requesting resident approval","invocations":1,"location":null,"numPassingAsserts":7,"retryReasons":[],"startAt":1782908477023,"status":"passed","title":"auto-resolves scope_defined complaint with all tasks done when requesting resident approval"},{"ancestorTitles":["Management approval request flow"],"duration":75,"failing":false,"failureDetails":[],"failureMessages":[],"fullName":"Management approval request flow rejects approval request when tasks are not all done","invocations":1,"location":null,"numPassingAsserts":2,"retryReasons":[],"startAt":1782908480652,"status":"passed","title":"rejects approval request when tasks are not all done"}],"endTime":1782908480872,"message":"","name":"H:\\Users\\Downloads\\final year project\\backend\\tests\\management.test.js","startTime":1782908476338,"status":"passed","summary":""},{"assertionResults":[{"ancestorTitles":["Technician routes","GET /api/technician/tasks"],"duration":194,"failing":false,"failureDetails":[],"failureMessages":[],"fullName":"Technician routes GET /api/technician/tasks returns tasks assigned to the technician","invocations":1,"location":null,"numPassingAsserts":4,"retryReasons":[],"startAt":1782908481682,"status":"passed","title":"returns tasks assigned to the technician"},{"ancestorTitles":["Technician routes","GET /api/technician/tasks/:complaintId/:taskId"],"duration":141,"failing":false,"failureDetails":[],"failureMessages":[],"fullName":"Technician routes GET /api/technician/tasks/:complaintId/:taskId returns the selected task detail","invocations":1,"location":null,"numPassingAsserts":2,"retryReasons":[],"startAt":1782908481877,"status":"passed","title":"returns the selected task detail"},{"ancestorTitles":["Technician routes","PATCH /api/technician/tasks/:complaintId/:taskId/status"],"duration":193,"failing":false,"failureDetails":[],"failureMessages":[],"fullName":"Technician routes PATCH /api/technician/tasks/:complaintId/:taskId/status updates task status to in_progress","invocations":1,"location":null,"numPassingAsserts":2,"retryReasons":[],"startAt":1782908482018,"status":"passed","title":"updates task status to in_progress"},{"ancestorTitles":["Technician routes","PATCH /api/technician/tasks/:complaintId/:taskId/status"],"duration":163,"failing":false,"failureDetails":[],"failureMessages":[],"fullName":"Technician routes PATCH /api/technician/tasks/:complaintId/:taskId/status accepts a work report and sets status to done","invocations":1,"location":null,"numPassingAsserts":3,"retryReasons":[],"startAt":1782908482212,"status":"passed","title":"accepts a work report and sets status to done"}],"endTime":1782908482439,"message":"","name":"H:\\Users\\Downloads\\final year project\\backend\\tests\\technician.test.js","startTime":1782908480896,"status":"passed","summary":""},{"assertionResults":[{"ancestorTitles":["complaintOperations.getComplaintStats"],"duration":17,"failing":false,"failureDetails":[],"failureMessages":[],"fullName":"complaintOperations.getComplaintStats returns only the calling user stats for a regular user","invocations":1,"location":null,"numPassingAsserts":1,"retryReasons":[],"startAt":1782908482720,"status":"passed","title":"returns only the calling user stats for a regular user"},{"ancestorTitles":["complaintOperations.getComplaintStats"],"duration":6,"failing":false,"failureDetails":[],"failureMessages":[],"fullName":"complaintOperations.getComplaintStats returns overall stats for an admin user","invocations":1,"location":null,"numPassingAsserts":1,"retryReasons":[],"startAt":1782908482737,"status":"passed","title":"returns overall stats for an admin user"}],"endTime":1782908482745,"message":"","name":"H:\\Users\\Downloads\\final year project\\backend\\tests\\complaintStats.test.js","startTime":1782908482457,"status":"passed","summary":""}],"wasInterrupted":false}
